<?xml version="1.0" encoding="UTF-8"?>
<testsuite name="TestSuite" time="101.396" tests="13" errors="0" skipped="0" failures="2">
  <properties>
[...]
</properties>
  <testcase name="AudiA6" classname="TestNGSelenium.SeleniumTestNG.Tests.TestNG_Grouping" time="0.003"/>
  <testcase name="BMW3Series" classname="TestNGSelenium.SeleniumTestNG.Tests.TestNG_Grouping" time="0.02">
    <failure message="expected:&lt;true&gt; but was:&lt;false&gt;" type="junit.framework.AssertionFailedError"><![CDATA[junit.framework.AssertionFailedError: expected:<true> but was:<false>
	at junit.framework.Assert.fail(Assert.java:57)
	at junit.framework.Assert.failNotEquals(Assert.java:329)
	at junit.framework.Assert.assertEquals(Assert.java:78)
	at junit.framework.Assert.assertEquals(Assert.java:174)
	at junit.framework.Assert.assertEquals(Assert.java:181)
	at TestNGSelenium.SeleniumTestNG.Tests.TestNG_Grouping.BMW3Series(TestNG_Grouping.java:34)
]]></failure>
    <system-out>This method runs after every method
This method runs after Groups
This method runs before Groups

This method runs before every method
Running Test - BMW 3 Series
</system-out>
  </testcase>
  <testcase name="BMWX3" classname="TestNGSelenium.SeleniumTestNG.Tests.TestNG_Grouping" time="0.004"/>
  <testcase name="HondaAccord" classname="TestNGSelenium.SeleniumTestNG.Tests.TestNG_Grouping" time="0.001"/>
  <testcase name="testSteps" classname="TestNGSelenium.SeleniumTestNG.Tests.Test10" time="0.964"/>
  <testcase name="testSteps" classname="TestNGSelenium.SeleniumTestNG.Tests.Test2" time="11.106"/>
  <testcase name="testSteps" classname="TestNGSelenium.SeleniumTestNG.Tests.Test6" time="11.084"/>
  <testcase name="testSteps" classname="TestNGSelenium.SeleniumTestNG.Tests.Test9" time="11.671"/>
  <testcase name="testSteps" classname="TestNGSelenium.SeleniumTestNG.Tests.Test4" time="0.862"/>
  <testcase name="testSteps" classname="TestNGSelenium.SeleniumTestNG.Tests.Test7" time="9.582"/>
  <testcase name="testSteps" classname="TestNGSelenium.SeleniumTestNG.Tests.Test8" time="11.236"/>
  <testcase name="testSteps" classname="TestNGSelenium.SeleniumTestNG.Tests.Test5" time="37.206">
    <failure message="Unable to locate element: //a[@class=&apos;accoun&apos;]&#10;For documentation on this error, please visit: http://seleniumhq.org/exceptions/no_such_element.html&#10;Build info: version: &apos;3.0.1&apos;, revision: &apos;1969d75&apos;, time: &apos;2016-10-18 09:49:13 -0700&apos;&#10;System info: host: &apos;Vayuputhra&apos;, ip: &apos;192.168.105.2&apos;, os.name: &apos;Windows 8&apos;, os.arch: &apos;amd64&apos;, os.version: &apos;6.2&apos;, java.version: &apos;1.8.0_65&apos;&#10;Driver info: org.openqa.selenium.firefox.FirefoxDriver&#10;Capabilities [{rotatable=false, raisesAccessibilityExceptions=false, marionette=true, firefoxOptions={args=[], prefs={}}, appBuildId=20170125094131, version=, platform=XP, proxy={}, command_id=1, specificationLevel=0, acceptSslCerts=false, processId=9436, browserVersion=51.0.1, platformVersion=6.2, XULappId={ec8030f7-c20a-464f-9b0e-13a3a9e97384}, browserName=firefox, takesScreenshot=true, takesElementScreenshot=true, platformName=windows_nt}]&#10;Session ID: fb5ccb63-2605-4ed0-b961-b1aacc5b9c33&#10;*** Element info: {Using=xpath, value=//a[@class=&apos;accoun&apos;]}" type="org.openqa.selenium.NoSuchElementException">org.openqa.selenium.NoSuchElementException: Unable to locate element: //a[@class='accoun']
For documentation on this error, please visit: http://seleniumhq.org/exceptions/no_such_element.html
Build info: version: '3.0.1', revision: '1969d75', time: '2016-10-18 09:49:13 -0700'
System info: host: 'Vayuputhra', ip: '192.168.105.2', os.name: 'Windows 8', os.arch: 'amd64', os.version: '6.2', java.version: '1.8.0_65'
Driver info: org.openqa.selenium.firefox.FirefoxDriver
Capabilities [{rotatable=false, raisesAccessibilityExceptions=false, marionette=true, firefoxOptions={args=[], prefs={}}, appBuildId=20170125094131, version=, platform=XP, proxy={}, command_id=1, specificationLevel=0, acceptSslCerts=false, processId=9436, browserVersion=51.0.1, platformVersion=6.2, XULappId={ec8030f7-c20a-464f-9b0e-13a3a9e97384}, browserName=firefox, takesScreenshot=true, takesElementScreenshot=true, platformName=windows_nt}]
Session ID: fb5ccb63-2605-4ed0-b961-b1aacc5b9c33
*** Element info: {Using=xpath, value=//a[@class='accoun']}
	at sun.reflect.NativeConstructorAccessorImpl.newInstance0(Native Method)
	at sun.reflect.NativeConstructorAccessorImpl.newInstance(NativeConstructorAccessorImpl.java:62)
	at sun.reflect.DelegatingConstructorAccessorImpl.newInstance(DelegatingConstructorAccessorImpl.java:45)
	at java.lang.reflect.Constructor.newInstance(Constructor.java:422)
	at org.openqa.selenium.remote.http.W3CHttpResponseCodec.createException(W3CHttpResponseCodec.java:127)
	at org.openqa.selenium.remote.http.W3CHttpResponseCodec.decode(W3CHttpResponseCodec.java:93)
	at org.openqa.selenium.remote.http.W3CHttpResponseCodec.decode(W3CHttpResponseCodec.java:42)
	at org.openqa.selenium.remote.HttpCommandExecutor.execute(HttpCommandExecutor.java:163)
	at org.openqa.selenium.remote.service.DriverCommandExecutor.execute(DriverCommandExecutor.java:82)
	at org.openqa.selenium.remote.RemoteWebDriver.execute(RemoteWebDriver.java:601)
	at org.openqa.selenium.remote.RemoteWebDriver.findElement(RemoteWebDriver.java:368)
	at org.openqa.selenium.remote.RemoteWebDriver.findElementByXPath(RemoteWebDriver.java:473)
	at org.openqa.selenium.By$ByXPath.findElement(By.java:361)
	at org.openqa.selenium.remote.RemoteWebDriver.findElement(RemoteWebDriver.java:360)
	at TestNGSelenium.SeleniumTestNG.Tests.Test5.testSteps(Test5.java:38)
</failure>
    <system-out>Browser invoked!!
class TestNGSelenium.SeleniumTestNG.Tests.Test5
</system-out>
    <system-err>Feb 25, 2017 3:37:10 PM org.openqa.selenium.remote.ProtocolHandshake createSession
INFO: Detected dialect: W3C
1488055030292	Marionette	WARN	Using deprecated data structure for setting timeouts
JavaScript warning: http://demowebshop.tricentis.com/Scripts/jquery-1.10.2.min.js, line 18: Using //@ to indicate sourceMappingURL pragmas is deprecated. Use //# instead
JavaScript warning: http://demowebshop.tricentis.com/Scripts/jquery-1.10.2.min.js, line 18: Using //@ to indicate sourceMappingURL pragmas is deprecated. Use //# instead
JavaScript warning: http://demowebshop.tricentis.com/Scripts/jquery-1.10.2.min.js, line 18: Using //@ to indicate sourceMappingURL pragmas is deprecated. Use //# instead
</system-err>
  </testcase>
  <testcase name="testSteps" classname="TestNGSelenium.SeleniumTestNG.Tests.Test1" time="7.657"/>
</testsuite>